dict
{
  "boundaryMapMarkdown": "- **Internal pass identity vs public review identity:** continuation pass keys may vary, but the visible lifecycle stays anchored to the base `reviewOutputKey`.\n- **First-pass truth vs continuation settlement:** M062 `normalizeReviewFirstPass(...)` remains the source of truth for bounded first-pass publication; M063 adds an adjacent continuation lifecycle/settlement contract rather than overloading that payload.\n- **Publication eligibility vs publish authority:** bounded publication eligibility and `ReviewWorkCoordinator` publish authority remain separate checks and must both survive the redesign.\n- **Prompt narrowing inputs vs durable state:** continuation must prefer persisted progress/remaining-scope state over replaying first-pass-wide prompt assembly.\n- **Deferred boundary:** durable cross-process authority and canonical continuation telemetry model stay with M064, not M063.",
  "definitionOfDone": [
    "All active M063 requirements are mapped to a slice with accountable ownership.",
    "Slice ordering retires risk in the order: lifecycle seam, visible-surface trust, bounded/authority-safe proof.",
    "The roadmap stays large-PR-first and same-process-first, explicitly deferring broader distributed authority hardening to M064 and live rollout proof to M065.",
    "If every slice ships as planned, the milestone outcome works as an actual user-visible continuation lifecycle rather than as timeout-specialized plumbing."
  ],
  "dependsOn": [
    "M062"
  ],
  "keyRisks": [
    {
      "risk": "Continuation logic is currently concentrated inside `src/handlers/review.ts` as timeout recovery, so shipping lifecycle behavior without seam extraction will make the path harder to reason about and easier to regress.",
      "whyItMatters": "This is the milestone's highest-risk concentration point; if S01 does not create a stable continuation contract, later public-surface and token-budget work will pile onto fragile branch-local logic."
    },
    {
      "risk": "The current visible review experience spans bounded comment plus Review Details, so continuation may accidentally create comment churn or silent mutation unless public-surface ownership is made explicit.",
      "whyItMatters": "R063 and R065 are product trust requirements. A technically working continuation path still fails the milestone if users see a second lifecycle comment or unexplained rewritten findings."
    },
    {
      "risk": "Continuation may quietly replay too much first-pass context or let stale final-write paths bypass publish-rights checks.",
      "whyItMatters": "R066 and the acceptance contract depend on bounded continuation cost and authoritative stale-write blocking, not just on scheduling another pass."
    }
  ],
  "milestoneId": "M063",
  "proofStrategy": [
    {
      "retireIn": "S01",
      "riskOrUnknown": "Can automatic continuation become a first-class lifecycle without destabilizing the real review handler?",
      "whatWillBeProven": "The real handler path uses an extracted continuation planner/settlement seam to start continuation automatically from a bounded first pass while preserving M062 truthfulness and authority semantics."
    },
    {
      "retireIn": "S02",
      "riskOrUnknown": "Can continuation remain one coherent public review instead of comment spam or silent rewrite?",
      "whatWillBeProven": "The same visible review surface is updated in place, revisions are explicit, and no-meaningful-delta continuation settles truthfully without public churn."
    },
    {
      "retireIn": "S03",
      "riskOrUnknown": "Can continuation stay bounded and authority-safe instead of replaying first-pass cost or letting stale writes win?",
      "whatWillBeProven": "Prompt/context shaping is measurably narrower than the first pass, final write paths keep publish-rights guards, and deterministic proof covers stale-write blocking on the shipped M063 lifecycle path."
    }
  ],
  "requirementCoverage": "- R062 \u2192 S01 primary owner: automatic continuation after bounded first pass through the real handler path.\n- R063 \u2192 S02 primary owner: same visible review surface, no additional lifecycle comment.\n- R065 \u2192 S02 primary owner: explicit revision semantics on the same surface.\n- R066 \u2192 S03 primary owner: sufficient-but-bounded continuation with measurable prompt/context narrowing.\n- Candidate no-meaningful-delta settlement \u2192 handled in S02 public-surface contract and verified operationally in S03 so continuation does not remain pending forever or churn the PR.\n- Candidate publish-rights on every final write path \u2192 treated as an M063 planning constraint and retired in S03; broader continuation authority/state hardening remains M064 scope.\n- Explicitly deferred: durable cross-process continuation authority and generalization beyond large-PR-first execution remain out of scope for M063.",
  "slices": [
    {
      "demo": "A large-PR bounded first pass automatically schedules and executes continuation through the real review handler path, using an explicit continuation planner/settlement seam rather than branch-local timeout plumbing, with no manual follow-up command required.",
      "depends": [],
      "goal": "Extract and ship the first-class continuation lifecycle seam that turns bounded large-PR follow-up into the default automatic path while keeping `review.ts` as orchestrator and preserving M062 first-pass truthfulness.",
      "integrationClosure": "Closes the highest-risk architectural seam by extracting continuation lifecycle decisions out of `src/handlers/review.ts` while continuing to publish through the existing review/idempotency/coordinator path. Downstream slices can now depend on a stable lifecycle contract instead of timeout-specialized branches.",
      "observabilityImpact": "Adds or reuses structured lifecycle signals for continuation planning, pass identity, settlement reason, and authority-loss/no-op outcomes so later slices and operators can attribute what happened without reading branch-local logs.",
      "proofLevel": "Handler/integration proof plus targeted unit coverage. Done means the real review handler test matrix shows automatic continuation starts from a bounded first pass, uses the extracted lifecycle contract, and preserves bounded-first-pass truth on failure or authority loss.",
      "risk": "High \u2014 `src/handlers/review.ts` already contains the prototype, but it is timeout-specialized and overloaded; if we add lifecycle behavior without extracting the seam first, we risk regressions, duplicate publication paths, and an untestable continuation state model.",
      "sliceId": "S01",
      "successCriteria": "- `src/handlers/review.ts` no longer owns continuation planning/settlement as timeout-only inline branch logic; a dedicated continuation seam decides eligibility, pass identity, settlement, and merge inputs.\n- A bounded large-PR first pass can trigger automatic continuation through the real handler/coordinator path without a manual follow-up command.\n- Existing `reviewOutputKey` base identity and `ReviewWorkCoordinator` authority semantics remain intact across first pass and continuation pass identity.\n- The shipped behavior remains truthful to the M062 bounded first-pass contract when continuation is not possible or loses authority.",
      "title": "Automatic continuation lifecycle contract"
    },
    {
      "demo": "Continuation deepens the same visible review surface in place: no extra lifecycle comment appears, revised findings are explicitly marked on that surface, and no-meaningful-delta continuation settles the lifecycle without noisy public churn.",
      "depends": [
        "S01"
      ],
      "goal": "Make continuation publication and revision behavior feel like one review getting deeper instead of a second review or silent rewrite.",
      "isSketch": true,
      "risk": "High \u2014 the current code already spans bounded partial comment
